Jun 14 00:58:57 Installed: php-common-5.3.3-27.el6_5.x86_64
Jun 14 00:58:57 Installed: apr-1.3.9-5.el6_2.x86_64
Jun 14 00:58:57 Installed: apr-util-1.3.9-3.el6_0.1.x86_64
Jun 14 00:58:57 Installed: libedit-2.11-4.20080712cvs.1.el6.x86_64
Jun 14 00:58:57 Installed: php-cli-5.3.3-27.el6_5.x86_64
Jun 14 00:58:57 Installed: apr-util-ldap-1.3.9-3.el6_0.1.x86_64
Jun 14 00:58:57 Installed: httpd-tools-2.2.15-30.el6.centos.x86_64
Jun 14 00:58:57 Installed: php-pdo-5.3.3-27.el6_5.x86_64
Jun 14 00:58:57 Installed: fipscheck-lib-1.2.0-7.el6.x86_64
Jun 14 00:58:57 Installed: fipscheck-1.2.0-7.el6.x86_64
Jun 14 00:58:57 Installed: 1:perl-Pod-Escapes-1.04-136.el6.x86_64
Jun 14 00:58:57 Installed: 3:perl-version-0.77-136.el6.x86_64
Jun 14 00:58:57 Installed: 1:perl-Pod-Simple-3.13-136.el6.x86_64
Jun 14 00:58:58 Installed: 4:perl-libs-5.10.1-136.el6.x86_64
Jun 14 00:58:58 Installed: 1:perl-Module-Pluggable-3.90-136.el6.x86_64
Jun 14 00:58:59 Installed: 4:perl-5.10.1-136.el6.x86_64
Jun 14 00:58:59 Installed: 1:perl-Error-0.17015-4.el6.noarch
Jun 14 00:58:59 Installed: mysql-libs-5.1.73-3.el6_5.x86_64
Jun 14 00:58:59 Installed: 2:ethtool-3.5-1.4.el6_5.x86_64
Jun 14 00:58:59 Installed: mailcap-2.1.31-2.el6.noarch
Jun 14 00:58:59 Installed: rsync-3.0.6-9.el6_4.1.x86_64
Jun 14 00:58:59 Installed: redhat-logos-60.0.14-12.el6.centos.noarch
Jun 14 00:58:59 Installed: libxslt-1.1.26-2.el6_3.1.x86_64
Jun 14 00:59:00 Installed: upstart-0.6.5-13.el6_5.3.x86_64
Jun 14 00:59:00 Installed: iputils-20071127-17.el6_4.2.x86_64
Jun 14 00:59:00 Installed: iptables-1.4.7-11.el6.x86_64
Jun 14 00:59:00 Installed: iproute-2.6.32-32.el6_5.x86_64
Jun 14 00:59:00 Installed: initscripts-9.03.40-2.el6.centos.1.x86_64
Jun 14 00:59:00 Installed: policycoreutils-2.0.83-19.39.el6.x86_64
Jun 14 00:59:00 Installed: openssh-5.3p1-94.el6.x86_64
Jun 14 00:59:00 Installed: openssh-clients-5.3p1-94.el6.x86_64
Jun 14 00:59:00 Installed: perl-Git-1.7.1-3.el6_4.1.noarch
Jun 14 00:59:01 Installed: git-1.7.1-3.el6_4.1.x86_64
Jun 14 00:59:01 Installed: httpd-2.2.15-30.el6.centos.x86_64
Jun 14 00:59:01 Installed: python-meld3-0.6.7-1.el6.x86_64
Jun 14 00:59:01 Installed: supervisor-2.1-8.el6.noarch
Jun 14 00:59:01 Installed: php-5.3.3-27.el6_5.x86_64
Jun 14 00:59:01 Installed: openssh-server-5.3p1-94.el6.x86_64
Jun 14 00:59:02 Installed: php-xml-5.3.3-27.el6_5.x86_64
Jun 14 00:59:02 Installed: php-mysql-5.3.3-27.el6_5.x86_64
Jun 14 00:59:02 Installed: 1:php-pear-1.9.4-4.el6.noarch
